C:\USERS\GWENDAL\GIT\SMALLWORLD\SMALLWORLD\LIBC++\DEBUG\CARTE.OBJ
C:\USERS\GWENDAL\GIT\SMALLWORLD\SMALLWORLD\LIBC++\DEBUG\SOURCE.OBJ
C:\USERS\GWENDAL\GIT\SMALLWORLD\SMALLWORLD\LIBC++\DEBUG\VC110.PDB
C:\USERS\GWENDAL\GIT\SMALLWORLD\SMALLWORLD\DEBUG\LIBC++.ILK
C:\USERS\GWENDAL\GIT\SMALLWORLD\SMALLWORLD\DEBUG\LIBC++.EXE
C:\USERS\GWENDAL\GIT\SMALLWORLD\SMALLWORLD\DEBUG\LIBC++.PDB
C:\Users\Gwendal\git\Smallworld\SmallWorld\LibC++\Debug\Carte.obj
C:\Users\Gwendal\git\Smallworld\SmallWorld\LibC++\Debug\Source.obj
C:\Users\Gwendal\git\Smallworld\SmallWorld\LibC++\Debug\cl.command.1.tlog
C:\Users\Gwendal\git\Smallworld\SmallWorld\LibC++\Debug\CL.read.1.tlog
C:\Users\Gwendal\git\Smallworld\SmallWorld\LibC++\Debug\CL.write.1.tlog
C:\Users\Gwendal\git\Smallworld\SmallWorld\LibC++\Debug\link-cvtres.read.1.tlog
C:\Users\Gwendal\git\Smallworld\SmallWorld\LibC++\Debug\link-cvtres.write.1.tlog
C:\Users\Gwendal\git\Smallworld\SmallWorld\LibC++\Debug\link-rc.read.1.tlog
C:\Users\Gwendal\git\Smallworld\SmallWorld\LibC++\Debug\link-rc.write.1.tlog
C:\Users\Gwendal\git\Smallworld\SmallWorld\LibC++\Debug\link.command.1.tlog
C:\Users\Gwendal\git\Smallworld\SmallWorld\LibC++\Debug\link.read.1.tlog
C:\Users\Gwendal\git\Smallworld\SmallWorld\LibC++\Debug\link.write.1.tlog
C:\Users\Gwendal\git\Smallworld\SmallWorld\LibC++\Debug\vc110.idb
C:\Users\Gwendal\git\Smallworld\SmallWorld\LibC++\Debug\vc110.pdb
C:\Users\Gwendal\git\Smallworld\SmallWorld\Debug\LibC++.pdb
C:\Users\Gwendal\git\Smallworld\SmallWorld\Debug\LibC++.exe
C:\Users\Gwendal\git\Smallworld\SmallWorld\Debug\LibC++.ilk
