C:\USERS\GWENDAL\GIT\SMALLWORLD\SMALLWORLD\WRAPPER\RELEASE\WRAPPER.PCH
C:\USERS\GWENDAL\GIT\SMALLWORLD\SMALLWORLD\WRAPPER\RELEASE\STDAFX.OBJ
C:\USERS\GWENDAL\GIT\SMALLWORLD\SMALLWORLD\WRAPPER\RELEASE\VC110.PDB
C:\USERS\GWENDAL\GIT\SMALLWORLD\SMALLWORLD\WRAPPER\RELEASE\WRAPPER.OBJ
C:\USERS\GWENDAL\GIT\SMALLWORLD\SMALLWORLD\WRAPPER\RELEASE\ASSEMBLYINFO.OBJ
C:\USERS\GWENDAL\GIT\SMALLWORLD\SMALLWORLD\WRAPPER\RELEASE\.NETFRAMEWORK,VERSION=V4.5.ASSEMBLYATTRIBUTES.OBJ
C:\USERS\GWENDAL\GIT\SMALLWORLD\SMALLWORLD\RELEASE\WRAPPER.DLL
C:\USERS\GWENDAL\GIT\SMALLWORLD\SMALLWORLD\RELEASE\WRAPPER.PDB
C:\USERS\GWENDAL\GIT\SMALLWORLD\SMALLWORLD\WRAPPER\RELEASE\APP.RES
C:\Users\Gwendal\git\Smallworld\SmallWorld\Release\Wrapper.lib
C:\Users\Gwendal\git\Smallworld\SmallWorld\Release\Wrapper.exp
C:\Users\Gwendal\git\Smallworld\SmallWorld\Wrapper\Release\.NETFramework,Version=v4.5.AssemblyAttributes.obj
C:\Users\Gwendal\git\Smallworld\SmallWorld\Wrapper\Release\AssemblyInfo.obj
C:\Users\Gwendal\git\Smallworld\SmallWorld\Wrapper\Release\Stdafx.obj
C:\Users\Gwendal\git\Smallworld\SmallWorld\Wrapper\Release\Wrapper.obj
C:\Users\Gwendal\git\Smallworld\SmallWorld\Wrapper\Release\cl.command.1.tlog
C:\Users\Gwendal\git\Smallworld\SmallWorld\Wrapper\Release\CL.read.1.tlog
C:\Users\Gwendal\git\Smallworld\SmallWorld\Wrapper\Release\CL.write.1.tlog
C:\Users\Gwendal\git\Smallworld\SmallWorld\Wrapper\Release\link.5544-cvtres.read.1.tlog
C:\Users\Gwendal\git\Smallworld\SmallWorld\Wrapper\Release\link.5544-cvtres.write.1.tlog
C:\Users\Gwendal\git\Smallworld\SmallWorld\Wrapper\Release\link.5544-rc.read.1.tlog
C:\Users\Gwendal\git\Smallworld\SmallWorld\Wrapper\Release\link.5544-rc.write.1.tlog
C:\Users\Gwendal\git\Smallworld\SmallWorld\Wrapper\Release\link.5544.read.1.tlog
C:\Users\Gwendal\git\Smallworld\SmallWorld\Wrapper\Release\link.5544.write.1.tlog
C:\Users\Gwendal\git\Smallworld\SmallWorld\Wrapper\Release\link.command.1.tlog
C:\Users\Gwendal\git\Smallworld\SmallWorld\Wrapper\Release\link.read.1.tlog
C:\Users\Gwendal\git\Smallworld\SmallWorld\Wrapper\Release\link.write.1.tlog
C:\Users\Gwendal\git\Smallworld\SmallWorld\Wrapper\Release\metagen.read.1.tlog
C:\Users\Gwendal\git\Smallworld\SmallWorld\Wrapper\Release\metagen.write.1.tlog
C:\Users\Gwendal\git\Smallworld\SmallWorld\Wrapper\Release\rc.command.1.tlog
C:\Users\Gwendal\git\Smallworld\SmallWorld\Wrapper\Release\rc.read.1.tlog
C:\Users\Gwendal\git\Smallworld\SmallWorld\Wrapper\Release\rc.write.1.tlog
C:\Users\Gwendal\git\Smallworld\SmallWorld\Wrapper\Release\Wrapper.write.1.tlog
C:\Users\Gwendal\git\Smallworld\SmallWorld\Wrapper\Release\app.res
C:\Users\Gwendal\git\Smallworld\SmallWorld\Wrapper\Release\Wrapper.pch
C:\Users\Gwendal\git\Smallworld\SmallWorld\Wrapper\Release\vc110.pdb
C:\Users\Gwendal\git\Smallworld\SmallWorld\Wrapper\Release\RSAENH.DLL.bi
C:\Users\Gwendal\git\Smallworld\SmallWorld\Wrapper\Release\TZRES.DLL.bi
C:\Users\Gwendal\git\Smallworld\SmallWorld\Release\Wrapper.pdb
C:\Users\Gwendal\git\Smallworld\SmallWorld\Release\Wrapper.dll
