C:\USERS\GWENDAL\GIT\SMALLWORLD\SMALLWORLD\WRAPPER\DEBUG\WRAPPER.PCH
C:\USERS\GWENDAL\GIT\SMALLWORLD\SMALLWORLD\WRAPPER\DEBUG\STDAFX.OBJ
C:\USERS\GWENDAL\GIT\SMALLWORLD\SMALLWORLD\WRAPPER\DEBUG\VC110.PDB
C:\USERS\GWENDAL\GIT\SMALLWORLD\SMALLWORLD\WRAPPER\DEBUG\WRAPPER.OBJ
C:\USERS\GWENDAL\GIT\SMALLWORLD\SMALLWORLD\WRAPPER\DEBUG\ASSEMBLYINFO.OBJ
C:\USERS\GWENDAL\GIT\SMALLWORLD\SMALLWORLD\WRAPPER\DEBUG\.NETFRAMEWORK,VERSION=V4.5.ASSEMBLYATTRIBUTES.OBJ
C:\USERS\GWENDAL\GIT\SMALLWORLD\SMALLWORLD\DEBUG\WRAPPER.ILK
C:\USERS\GWENDAL\GIT\SMALLWORLD\SMALLWORLD\DEBUG\WRAPPER.DLL
C:\USERS\GWENDAL\GIT\SMALLWORLD\SMALLWORLD\DEBUG\WRAPPER.PDB
C:\USERS\GWENDAL\GIT\SMALLWORLD\SMALLWORLD\WRAPPER\DEBUG\APP.RES
C:\Users\Gwendal\git\Smallworld\SmallWorld\Debug\Wrapper.lib
C:\Users\Gwendal\git\Smallworld\SmallWorld\Debug\Wrapper.exp
C:\Users\Gwendal\git\Smallworld\SmallWorld\Wrapper\Debug\Wrapper.vcxprojResolveAssemblyReference.cache
C:\Users\Gwendal\git\Smallworld\SmallWorld\Wrapper\Debug\.NETFramework,Version=v4.5.AssemblyAttributes.obj
C:\Users\Gwendal\git\Smallworld\SmallWorld\Wrapper\Debug\AssemblyInfo.obj
C:\Users\Gwendal\git\Smallworld\SmallWorld\Wrapper\Debug\Stdafx.obj
C:\Users\Gwendal\git\Smallworld\SmallWorld\Wrapper\Debug\Wrapper.obj
C:\Users\Gwendal\git\Smallworld\SmallWorld\Wrapper\Debug\cl.command.1.tlog
C:\Users\Gwendal\git\Smallworld\SmallWorld\Wrapper\Debug\CL.read.1.tlog
C:\Users\Gwendal\git\Smallworld\SmallWorld\Wrapper\Debug\CL.write.1.tlog
C:\Users\Gwendal\git\Smallworld\SmallWorld\Wrapper\Debug\link.5100-cvtres.read.1.tlog
C:\Users\Gwendal\git\Smallworld\SmallWorld\Wrapper\Debug\link.5100-cvtres.write.1.tlog
C:\Users\Gwendal\git\Smallworld\SmallWorld\Wrapper\Debug\link.5100-rc.read.1.tlog
C:\Users\Gwendal\git\Smallworld\SmallWorld\Wrapper\Debug\link.5100-rc.write.1.tlog
C:\Users\Gwendal\git\Smallworld\SmallWorld\Wrapper\Debug\link.5100.read.1.tlog
C:\Users\Gwendal\git\Smallworld\SmallWorld\Wrapper\Debug\link.5100.write.1.tlog
C:\Users\Gwendal\git\Smallworld\SmallWorld\Wrapper\Debug\link.command.1.tlog
C:\Users\Gwendal\git\Smallworld\SmallWorld\Wrapper\Debug\link.read.1.tlog
C:\Users\Gwendal\git\Smallworld\SmallWorld\Wrapper\Debug\link.write.1.tlog
C:\Users\Gwendal\git\Smallworld\SmallWorld\Wrapper\Debug\metagen.read.1.tlog
C:\Users\Gwendal\git\Smallworld\SmallWorld\Wrapper\Debug\metagen.write.1.tlog
C:\Users\Gwendal\git\Smallworld\SmallWorld\Wrapper\Debug\rc.command.1.tlog
C:\Users\Gwendal\git\Smallworld\SmallWorld\Wrapper\Debug\rc.read.1.tlog
C:\Users\Gwendal\git\Smallworld\SmallWorld\Wrapper\Debug\rc.write.1.tlog
C:\Users\Gwendal\git\Smallworld\SmallWorld\Wrapper\Debug\Wrapper.write.1.tlog
C:\Users\Gwendal\git\Smallworld\SmallWorld\Wrapper\Debug\app.res
C:\Users\Gwendal\git\Smallworld\SmallWorld\Wrapper\Debug\Wrapper.pch
C:\Users\Gwendal\git\Smallworld\SmallWorld\Wrapper\Debug\vc110.pdb
C:\Users\Gwendal\git\Smallworld\SmallWorld\Wrapper\Debug\RSAENH.DLL.bi
C:\Users\Gwendal\git\Smallworld\SmallWorld\Wrapper\Debug\TZRES.DLL.bi
C:\Users\Gwendal\git\Smallworld\SmallWorld\Debug\Wrapper.pdb
C:\Users\Gwendal\git\Smallworld\SmallWorld\Debug\Wrapper.dll
C:\Users\Gwendal\git\Smallworld\SmallWorld\Debug\Wrapper.ilk
