Le fichier projet contient ToolsVersion="12.0". Cet ensemble d'outils est inconnu ou manquant. Vous pouvez résoudre cela en installant le .NET Framework approprié pour cet ensemble d'outils. Projet traité comme si ToolsVersion="4.0".
  Carte.cpp
c:\users\gwendal\git\smallworld\smallworld\libc++\Carte.h(36): warning C4251: 'Carte::legions' : class 'std::vector<_Ty>' nécessite une interface DLL pour être utilisé(e) par les clients de class 'Carte'
          with
          [
              _Ty=Legion
          ]
c:\users\gwendal\git\smallworld\smallworld\libc++\Carte.h(37): warning C4251: 'Carte::nbCases' : class 'std::vector<_Ty>' nécessite une interface DLL pour être utilisé(e) par les clients de class 'Carte'
          with
          [
              _Ty=int
          ]
c:\users\gwendal\git\smallworld\smallworld\libc++\Carte.h(38): warning C4251: 'Carte::positUnite' : class 'std::vector<_Ty>' nécessite une interface DLL pour être utilisé(e) par les clients de class 'Carte'
          with
          [
              _Ty=std::vector<PositUnite>
          ]
Carte.cpp(27): warning C4244: 'argument' : conversion de 'time_t' en 'unsigned int', perte possible de données
  Legion.cpp
  Source.cpp
c:\users\gwendal\git\smallworld\smallworld\libc++\Carte.h(36): warning C4251: 'Carte::legions' : class 'std::vector<_Ty>' nécessite une interface DLL pour être utilisé(e) par les clients de class 'Carte'
          with
          [
              _Ty=Legion
          ]
c:\users\gwendal\git\smallworld\smallworld\libc++\Carte.h(37): warning C4251: 'Carte::nbCases' : class 'std::vector<_Ty>' nécessite une interface DLL pour être utilisé(e) par les clients de class 'Carte'
          with
          [
              _Ty=int
          ]
c:\users\gwendal\git\smallworld\smallworld\libc++\Carte.h(38): warning C4251: 'Carte::positUnite' : class 'std::vector<_Ty>' nécessite une interface DLL pour être utilisé(e) par les clients de class 'Carte'
          with
          [
              _Ty=std::vector<PositUnite>
          ]
  Unite.cpp
  LibC++.vcxproj -> C:\Users\Gwendal\git\Smallworld\SmallWorld\Release\LibC++.lib
