C:\USERS\GWENDAL\GIT\SMALLWORLD\SMALLWORLD\LIBC++\RELEASE\CARTE.OBJ
C:\USERS\GWENDAL\GIT\SMALLWORLD\SMALLWORLD\LIBC++\RELEASE\VC110.PDB
C:\Users\Gwendal\git\Smallworld\SmallWorld\Release\LibC++.lib
C:\Users\Gwendal\git\Smallworld\SmallWorld\Release\LibC++.exp
C:\USERS\GWENDAL\GIT\SMALLWORLD\SMALLWORLD\RELEASE\LIBC++.DLL
C:\USERS\GWENDAL\GIT\SMALLWORLD\SMALLWORLD\RELEASE\LIBC++.PDB
C:\Users\Gwendal\git\Smallworld\SmallWorld\LibC++\Release\Carte.obj
C:\Users\Gwendal\git\Smallworld\SmallWorld\LibC++\Release\cl.command.1.tlog
C:\Users\Gwendal\git\Smallworld\SmallWorld\LibC++\Release\CL.read.1.tlog
C:\Users\Gwendal\git\Smallworld\SmallWorld\LibC++\Release\CL.write.1.tlog
C:\Users\Gwendal\git\Smallworld\SmallWorld\LibC++\Release\LibC++.write.1.tlog
C:\Users\Gwendal\git\Smallworld\SmallWorld\LibC++\Release\link-cvtres.read.1.tlog
C:\Users\Gwendal\git\Smallworld\SmallWorld\LibC++\Release\link-cvtres.write.1.tlog
C:\Users\Gwendal\git\Smallworld\SmallWorld\LibC++\Release\link-rc.read.1.tlog
C:\Users\Gwendal\git\Smallworld\SmallWorld\LibC++\Release\link-rc.write.1.tlog
C:\Users\Gwendal\git\Smallworld\SmallWorld\LibC++\Release\link.command.1.tlog
C:\Users\Gwendal\git\Smallworld\SmallWorld\LibC++\Release\link.read.1.tlog
C:\Users\Gwendal\git\Smallworld\SmallWorld\LibC++\Release\link.write.1.tlog
C:\Users\Gwendal\git\Smallworld\SmallWorld\LibC++\Release\vc110.pdb
C:\Users\Gwendal\git\Smallworld\SmallWorld\Release\LibC++.pdb
C:\Users\Gwendal\git\Smallworld\SmallWorld\Release\LibC++.dll
